[2019-05-03T16:30:18,345][WARN ][o.e.g.MetaStateService   ] [node_1] [[metricbeat-6.7.1-2019.05.03/HJcxMyhmQk2vuxTpsE4-tQ]]: failed to write index state
java.lang.IllegalStateException: environment is not locked
	at org.elasticsearch.env.NodeEnvironment.assertEnvIsLocked(NodeEnvironment.java:1025) ~[elasticsearch-6.7.1.jar:6.7.1]
	at org.elasticsearch.env.NodeEnvironment.indexPaths(NodeEnvironment.java:821) ~[elasticsearch-6.7.1.jar:6.7.1]
	at org.elasticsearch.gateway.MetaStateService.writeIndex(MetaStateService.java:125) ~[elasticsearch-6.7.1.jar:6.7.1]
	at org.elasticsearch.gateway.GatewayMetaState.applyClusterState(GatewayMetaState.java:176) ~[elasticsearch-6.7.1.jar:6.7.1]
	at org.elasticsearch.cluster.service.ClusterApplierService.lambda$callClusterStateAppliers$6(ClusterApplierService.java:484) ~[elasticsearch-6.7.1.jar:6.7.1]
	at java.lang.Iterable.forEach(Iterable.java:75) [?:1.8.0_181]
	at org.elasticsearch.cluster.service.ClusterApplierService.callClusterStateAppliers(ClusterApplierService.java:481) [elasticsearch-6.7.1.jar:6.7.1]
	at org.elasticsearch.cluster.service.ClusterApplierService.applyChanges(ClusterApplierService.java:468) [elasticsearch-6.7.1.jar:6.7.1]
	at org.elasticsearch.cluster.service.ClusterApplierService.runTask(ClusterApplierService.java:419) [elasticsearch-6.7.1.jar:6.7.1]
	at org.elasticsearch.cluster.service.ClusterApplierService$UpdateTask.run(ClusterApplierService.java:163) [elasticsearch-6.7.1.jar:6.7.1]
	at org.elasticsearch.common.util.concurrent.ThreadContext$ContextPreservingRunnable.run(ThreadContext.java:681) [elasticsearch-6.7.1.jar:6.7.1]
	at org.elasticsearch.common.util.concurrent.PrioritizedEsThreadPoolExecutor$TieBreakingPrioritizedRunnable.runAndClean(PrioritizedEsThreadPoolExecutor.java:252) [elasticsearch-6.7.1.jar:6.7.1]
	at org.elasticsearch.common.util.concurrent.PrioritizedEsThreadPoolExecutor$TieBreakingPrioritizedRunnable.run(PrioritizedEsThreadPoolExecutor.java:215) [elasticsearch-6.7.1.jar:6.7.1]
	at java.util.concurrent.ThreadPoolExecutor.runWorker(ThreadPoolExecutor.java:1149) [?:1.8.0_181]
	at java.util.concurrent.ThreadPoolExecutor$Worker.run(ThreadPoolExecutor.java:624) [?:1.8.0_181]
	at java.lang.Thread.run(Thread.java:748) [?:1.8.0_181]
Caused by: java.nio.file.NoSuchFileException: /Users/stecort/Desktop/UnivAQ/2Anno/2_Semestre/AdvanceV&V/progetto/elasticsearch-6.7.1/data/nodes/0/node.lock
	at sun.nio.fs.UnixException.translateToIOException(UnixException.java:86) ~[?:?]
	at sun.nio.fs.UnixException.rethrowAsIOException(UnixException.java:102) ~[?:?]
	at sun.nio.fs.UnixException.rethrowAsIOException(UnixException.java:107) ~[?:?]
	at sun.nio.fs.UnixFileAttributeViews$Basic.readAttributes(UnixFileAttributeViews.java:55) ~[?:?]
	at sun.nio.fs.UnixFileSystemProvider.readAttributes(UnixFileSystemProvider.java:144) ~[?:?]
	at java.nio.file.Files.readAttributes(Files.java:1737) ~[?:1.8.0_181]
	at org.apache.lucene.store.NativeFSLockFactory$NativeFSLock.ensureValid(NativeFSLockFactory.java:189) ~[lucene-core-7.7.0.jar:7.7.0 8c831daf4eb41153c25ddb152501ab5bae3ea3d5 - jimczi - 2019-02-04 23:16:28]
	at org.elasticsearch.env.NodeEnvironment.assertEnvIsLocked(NodeEnvironment.java:1022) ~[elasticsearch-6.7.1.jar:6.7.1]
	... 15 more
[2019-05-03T16:30:18,368][WARN ][o.e.g.DanglingIndicesState] [node_1] [[metricbeat-6.7.1-2019.05.03/tf4zoxAwRgmFd804EJVqVA]] can not be imported as a dangling index, as index with same name already exists in cluster metadata
[2019-05-03T16:30:18,429][WARN ][o.e.g.DanglingIndicesState] [node_1] [[metricbeat-6.7.1-2019.05.03/tf4zoxAwRgmFd804EJVqVA]] can not be imported as a dangling index, as index with same name already exists in cluster metadata
[2019-05-03T16:30:18,439][WARN ][o.e.g.DanglingIndicesState] [node_1] [[metricbeat-6.7.1-2019.05.03/tf4zoxAwRgmFd804EJVqVA]] can not be imported as a dangling index, as index with same name already exists in cluster metadata
[2019-05-03T16:30:18,491][WARN ][o.e.g.DanglingIndicesState] [node_1] [[metricbeat-6.7.1-2019.05.03/tf4zoxAwRgmFd804EJVqVA]] can not be imported as a dangling index, as index with same name already exists in cluster metadata
[2019-05-03T16:30:18,601][WARN ][o.e.g.DanglingIndicesState] [node_1] [[metricbeat-6.7.1-2019.05.03/tf4zoxAwRgmFd804EJVqVA]] can not be imported as a dangling index, as index with same name already exists in cluster metadata
[2019-05-03T16:30:18,716][WARN ][o.e.g.DanglingIndicesState] [node_1] [[metricbeat-6.7.1-2019.05.03/tf4zoxAwRgmFd804EJVqVA]] can not be imported as a dangling index, as index with same name already exists in cluster metadata
[2019-05-03T16:30:18,738][WARN ][o.e.g.DanglingIndicesState] [node_1] [[metricbeat-6.7.1-2019.05.03/tf4zoxAwRgmFd804EJVqVA]] can not be imported as a dangling index, as index with same name already exists in cluster metadata
[2019-05-03T16:30:18,806][WARN ][o.e.g.DanglingIndicesState] [node_1] [[metricbeat-6.7.1-2019.05.03/tf4zoxAwRgmFd804EJVqVA]] can not be imported as a dangling index, as index with same name already exists in cluster metadata
[2019-05-03T16:30:19,687][INFO ][o.e.x.s.a.f.FileUserPasswdStore] [node_1] users file [/Users/stecort/Desktop/UnivAQ/2Anno/2_Semestre/AdvanceV&V/progetto/elasticsearch-6.7.1/config/users] changed. updating users... )
[2019-05-03T16:30:19,688][INFO ][o.e.x.s.a.f.FileUserRolesStore] [node_1] users roles file [/Users/stecort/Desktop/UnivAQ/2Anno/2_Semestre/AdvanceV&V/progetto/elasticsearch-6.7.1/config/users_roles] changed. updating users roles...
[2019-05-03T16:30:19,690][INFO ][o.e.x.s.a.s.FileRolesStore] [node_1] parsed [0] roles from file [/Users/stecort/Desktop/UnivAQ/2Anno/2_Semestre/AdvanceV&V/progetto/elasticsearch-6.7.1/config/roles.yml]
[2019-05-03T16:30:19,690][INFO ][o.e.x.s.a.s.FileRolesStore] [node_1] updated roles (roles file [/Users/stecort/Desktop/UnivAQ/2Anno/2_Semestre/AdvanceV&V/progetto/elasticsearch-6.7.1/config/roles.yml] changed)
[2019-05-03T16:30:23,385][DEBUG][o.e.a.s.TransportSearchAction] [node_1] All shards failed for phase: [query]
[2019-05-03T16:30:23,386][DEBUG][o.e.a.s.TransportSearchAction] [node_1] All shards failed for phase: [query]
[2019-05-03T16:30:23,387][DEBUG][o.e.a.s.TransportSearchAction] [node_1] All shards failed for phase: [query]
[2019-05-03T16:30:23,387][DEBUG][o.e.a.s.TransportSearchAction] [node_1] All shards failed for phase: [query]
[2019-05-03T16:30:23,387][DEBUG][o.e.a.s.TransportSearchAction] [node_1] All shards failed for phase: [query]
[2019-05-03T16:30:23,387][DEBUG][o.e.a.s.TransportSearchAction] [node_1] All shards failed for phase: [query]
[2019-05-03T16:30:23,387][DEBUG][o.e.a.s.TransportSearchAction] [node_1] All shards failed for phase: [query]
[2019-05-03T16:30:23,387][DEBUG][o.e.a.s.TransportSearchAction] [node_1] All shards failed for phase: [query]
[2019-05-03T16:30:23,385][DEBUG][o.e.a.s.TransportSearchAction] [node_1] All shards failed for phase: [query]
[2019-05-03T16:30:23,392][DEBUG][o.e.a.s.TransportSearchAction] [node_1] All shards failed for phase: [query]
[2019-05-03T16:30:23,394][DEBUG][o.e.a.s.TransportSearchAction] [node_1] All shards failed for phase: [query]
[2019-05-03T16:30:23,394][DEBUG][o.e.a.s.TransportSearchAction] [node_1] All shards failed for phase: [query]
[2019-05-03T16:30:23,394][DEBUG][o.e.a.s.TransportSearchAction] [node_1] All shards failed for phase: [query]
[2019-05-03T16:30:23,466][DEBUG][o.e.a.s.TransportSearchAction] [node_1] All shards failed for phase: [query]
[2019-05-03T16:30:23,466][DEBUG][o.e.a.s.TransportSearchAction] [node_1] All shards failed for phase: [query]
[2019-05-03T16:30:23,466][DEBUG][o.e.a.s.TransportSearchAction] [node_1] All shards failed for phase: [query]
[2019-05-03T16:30:24,276][DEBUG][o.e.a.s.TransportSearchAction] [node_1] All shards failed for phase: [query]
[2019-05-03T16:30:24,276][DEBUG][o.e.a.s.TransportSearchAction] [node_1] All shards failed for phase: [query]
[2019-05-03T16:30:24,277][DEBUG][o.e.a.s.TransportSearchAction] [node_1] All shards failed for phase: [query]
[2019-05-03T16:30:24,277][DEBUG][o.e.a.s.TransportSearchAction] [node_1] All shards failed for phase: [query]
[2019-05-03T16:30:24,277][DEBUG][o.e.a.s.TransportSearchAction] [node_1] All shards failed for phase: [query]
[2019-05-03T16:30:24,277][DEBUG][o.e.a.s.TransportSearchAction] [node_1] All shards failed for phase: [query]
[2019-05-03T16:30:24,277][DEBUG][o.e.a.s.TransportSearchAction] [node_1] All shards failed for phase: [query]
[2019-05-03T16:30:24,368][DEBUG][o.e.a.s.TransportSearchAction] [node_1] All shards failed for phase: [query]
[2019-05-03T16:30:24,370][DEBUG][o.e.a.s.TransportSearchAction] [node_1] All shards failed for phase: [query]
[2019-05-03T16:30:24,370][DEBUG][o.e.a.s.TransportSearchAction] [node_1] All shards failed for phase: [query]
[2019-05-03T16:30:24,372][DEBUG][o.e.a.s.TransportSearchAction] [node_1] All shards failed for phase: [query]
[2019-05-03T16:30:24,372][DEBUG][o.e.a.s.TransportSearchAction] [node_1] All shards failed for phase: [query]
[2019-05-03T16:30:24,372][DEBUG][o.e.a.s.TransportSearchAction] [node_1] All shards failed for phase: [query]
[2019-05-03T16:30:24,424][DEBUG][o.e.a.s.TransportSearchAction] [node_1] All shards failed for phase: [query]
[2019-05-03T16:30:24,424][DEBUG][o.e.a.s.TransportSearchAction] [node_1] All shards failed for phase: [query]
[2019-05-03T16:30:24,424][DEBUG][o.e.a.s.TransportSearchAction] [node_1] All shards failed for phase: [query]
[2019-05-03T16:32:48,009][DEBUG][o.e.a.s.TransportSearchAction] [node_1] All shards failed for phase: [query]
[2019-05-03T16:32:48,030][DEBUG][o.e.a.s.TransportSearchAction] [node_1] All shards failed for phase: [query]
[2019-05-03T16:32:48,030][DEBUG][o.e.a.s.TransportSearchAction] [node_1] All shards failed for phase: [query]
[2019-05-03T16:32:48,030][DEBUG][o.e.a.s.TransportSearchAction] [node_1] All shards failed for phase: [query]
[2019-05-03T16:32:48,030][DEBUG][o.e.a.s.TransportSearchAction] [node_1] All shards failed for phase: [query]
[2019-05-03T16:32:48,031][DEBUG][o.e.a.s.TransportSearchAction] [node_1] All shards failed for phase: [query]
[2019-05-03T16:32:48,031][DEBUG][o.e.a.s.TransportSearchAction] [node_1] All shards failed for phase: [query]
[2019-05-03T16:32:48,031][DEBUG][o.e.a.s.TransportSearchAction] [node_1] All shards failed for phase: [query]
[2019-05-03T16:32:48,031][DEBUG][o.e.a.s.TransportSearchAction] [node_1] All shards failed for phase: [query]
[2019-05-03T16:32:48,031][DEBUG][o.e.a.s.TransportSearchAction] [node_1] All shards failed for phase: [query]
[2019-05-03T16:32:48,031][DEBUG][o.e.a.s.TransportSearchAction] [node_1] All shards failed for phase: [query]
[2019-05-03T16:32:48,031][DEBUG][o.e.a.s.TransportSearchAction] [node_1] All shards failed for phase: [query]
[2019-05-03T16:32:48,042][DEBUG][o.e.a.s.TransportSearchAction] [node_1] All shards failed for phase: [query]
[2019-05-03T16:32:48,114][DEBUG][o.e.a.s.TransportSearchAction] [node_1] All shards failed for phase: [query]
[2019-05-03T16:32:48,114][DEBUG][o.e.a.s.TransportSearchAction] [node_1] All shards failed for phase: [query]
[2019-05-03T16:32:48,114][DEBUG][o.e.a.s.TransportSearchAction] [node_1] All shards failed for phase: [query]
[2019-05-03T16:32:49,111][DEBUG][o.e.a.s.TransportSearchAction] [node_1] All shards failed for phase: [query]
[2019-05-03T16:32:49,112][DEBUG][o.e.a.s.TransportSearchAction] [node_1] All shards failed for phase: [query]
[2019-05-03T16:32:49,112][DEBUG][o.e.a.s.TransportSearchAction] [node_1] All shards failed for phase: [query]
[2019-05-03T16:32:49,112][DEBUG][o.e.a.s.TransportSearchAction] [node_1] All shards failed for phase: [query]
[2019-05-03T16:32:49,112][DEBUG][o.e.a.s.TransportSearchAction] [node_1] All shards failed for phase: [query]
[2019-05-03T16:32:49,112][DEBUG][o.e.a.s.TransportSearchAction] [node_1] All shards failed for phase: [query]
[2019-05-03T16:32:49,112][DEBUG][o.e.a.s.TransportSearchAction] [node_1] All shards failed for phase: [query]
[2019-05-03T16:32:49,112][DEBUG][o.e.a.s.TransportSearchAction] [node_1] All shards failed for phase: [query]
[2019-05-03T16:32:49,113][DEBUG][o.e.a.s.TransportSearchAction] [node_1] All shards failed for phase: [query]
[2019-05-03T16:32:49,184][DEBUG][o.e.a.s.TransportSearchAction] [node_1] All shards failed for phase: [query]
[2019-05-03T16:32:49,185][DEBUG][o.e.a.s.TransportSearchAction] [node_1] All shards failed for phase: [query]
[2019-05-03T16:32:49,185][DEBUG][o.e.a.s.TransportSearchAction] [node_1] All shards failed for phase: [query]
[2019-05-03T16:32:49,185][DEBUG][o.e.a.s.TransportSearchAction] [node_1] All shards failed for phase: [query]
[2019-05-03T16:32:49,245][DEBUG][o.e.a.s.TransportSearchAction] [node_1] All shards failed for phase: [query]
[2019-05-03T16:32:49,245][DEBUG][o.e.a.s.TransportSearchAction] [node_1] All shards failed for phase: [query]
[2019-05-03T16:32:49,246][DEBUG][o.e.a.s.TransportSearchAction] [node_1] All shards failed for phase: [query]
[2019-05-03T16:33:41,120][DEBUG][o.e.a.s.TransportSearchAction] [node_1] All shards failed for phase: [query]
[2019-05-03T16:33:41,120][DEBUG][o.e.a.s.TransportSearchAction] [node_1] All shards failed for phase: [query]
[2019-05-03T16:33:41,120][DEBUG][o.e.a.s.TransportSearchAction] [node_1] All shards failed for phase: [query]
[2019-05-03T16:33:41,275][DEBUG][o.e.a.s.TransportSearchAction] [node_1] All shards failed for phase: [query]
[2019-05-03T16:33:41,278][DEBUG][o.e.a.s.TransportSearchAction] [node_1] All shards failed for phase: [query]
[2019-05-03T16:33:41,278][DEBUG][o.e.a.s.TransportSearchAction] [node_1] All shards failed for phase: [query]
[2019-05-03T16:33:41,277][DEBUG][o.e.a.s.TransportSearchAction] [node_1] All shards failed for phase: [query]
[2019-05-03T16:33:41,278][DEBUG][o.e.a.s.TransportSearchAction] [node_1] All shards failed for phase: [query]
[2019-05-03T16:33:41,278][DEBUG][o.e.a.s.TransportSearchAction] [node_1] All shards failed for phase: [query]
[2019-05-03T16:33:41,282][DEBUG][o.e.a.s.TransportSearchAction] [node_1] All shards failed for phase: [query]
[2019-05-03T16:33:41,285][DEBUG][o.e.a.s.TransportSearchAction] [node_1] All shards failed for phase: [query]
[2019-05-03T16:33:41,296][DEBUG][o.e.a.s.TransportSearchAction] [node_1] All shards failed for phase: [query]
[2019-05-03T16:33:41,296][DEBUG][o.e.a.s.TransportSearchAction] [node_1] All shards failed for phase: [query]
[2019-05-03T16:33:41,363][DEBUG][o.e.a.s.TransportSearchAction] [node_1] All shards failed for phase: [query]
[2019-05-03T16:33:41,364][DEBUG][o.e.a.s.TransportSearchAction] [node_1] All shards failed for phase: [query]
[2019-05-03T16:33:41,364][DEBUG][o.e.a.s.TransportSearchAction] [node_1] All shards failed for phase: [query]
[2019-05-03T16:33:42,144][DEBUG][o.e.a.s.TransportSearchAction] [node_1] All shards failed for phase: [query]
[2019-05-03T16:33:42,145][DEBUG][o.e.a.s.TransportSearchAction] [node_1] All shards failed for phase: [query]
[2019-05-03T16:33:42,145][DEBUG][o.e.a.s.TransportSearchAction] [node_1] All shards failed for phase: [query]
[2019-05-03T16:33:42,146][DEBUG][o.e.a.s.TransportSearchAction] [node_1] All shards failed for phase: [query]
[2019-05-03T16:33:42,211][DEBUG][o.e.a.s.TransportSearchAction] [node_1] All shards failed for phase: [query]
[2019-05-03T16:33:42,212][DEBUG][o.e.a.s.TransportSearchAction] [node_1] All shards failed for phase: [query]
[2019-05-03T16:33:42,212][DEBUG][o.e.a.s.TransportSearchAction] [node_1] All shards failed for phase: [query]
[2019-05-03T16:33:42,212][DEBUG][o.e.a.s.TransportSearchAction] [node_1] All shards failed for phase: [query]
[2019-05-03T16:33:42,212][DEBUG][o.e.a.s.TransportSearchAction] [node_1] All shards failed for phase: [query]
[2019-05-03T16:33:42,212][DEBUG][o.e.a.s.TransportSearchAction] [node_1] All shards failed for phase: [query]
[2019-05-03T16:33:42,322][DEBUG][o.e.a.s.TransportSearchAction] [node_1] All shards failed for phase: [query]
[2019-05-03T16:33:42,322][DEBUG][o.e.a.s.TransportSearchAction] [node_1] All shards failed for phase: [query]
[2019-05-03T16:33:42,322][DEBUG][o.e.a.s.TransportSearchAction] [node_1] All shards failed for phase: [query]
[2019-05-03T16:33:42,352][DEBUG][o.e.a.s.TransportSearchAction] [node_1] All shards failed for phase: [query]
[2019-05-03T16:33:42,352][DEBUG][o.e.a.s.TransportSearchAction] [node_1] All shards failed for phase: [query]
[2019-05-03T16:33:42,352][DEBUG][o.e.a.s.TransportSearchAction] [node_1] All shards failed for phase: [query]
[2019-05-03T16:37:00,530][DEBUG][o.e.a.s.TransportSearchAction] [node_1] All shards failed for phase: [query]
[2019-05-03T16:37:00,530][DEBUG][o.e.a.s.TransportSearchAction] [node_1] All shards failed for phase: [query]
[2019-05-03T16:37:00,531][DEBUG][o.e.a.s.TransportSearchAction] [node_1] All shards failed for phase: [query]
[2019-05-03T16:37:00,531][DEBUG][o.e.a.s.TransportSearchAction] [node_1] All shards failed for phase: [query]
[2019-05-03T16:37:00,531][DEBUG][o.e.a.s.TransportSearchAction] [node_1] All shards failed for phase: [query]
[2019-05-03T16:37:00,532][DEBUG][o.e.a.s.TransportSearchAction] [node_1] All shards failed for phase: [query]
[2019-05-03T16:37:00,532][DEBUG][o.e.a.s.TransportSearchAction] [node_1] All shards failed for phase: [query]
[2019-05-03T16:37:00,532][DEBUG][o.e.a.s.TransportSearchAction] [node_1] All shards failed for phase: [query]
[2019-05-03T16:37:00,532][DEBUG][o.e.a.s.TransportSearchAction] [node_1] All shards failed for phase: [query]
[2019-05-03T16:37:00,532][DEBUG][o.e.a.s.TransportSearchAction] [node_1] All shards failed for phase: [query]
[2019-05-03T16:37:00,533][DEBUG][o.e.a.s.TransportSearchAction] [node_1] All shards failed for phase: [query]
[2019-05-03T16:37:00,559][DEBUG][o.e.a.s.TransportSearchAction] [node_1] All shards failed for phase: [query]
[2019-05-03T16:37:00,559][DEBUG][o.e.a.s.TransportSearchAction] [node_1] All shards failed for phase: [query]
[2019-05-03T16:37:00,648][DEBUG][o.e.a.s.TransportSearchAction] [node_1] All shards failed for phase: [query]
[2019-05-03T16:37:00,648][DEBUG][o.e.a.s.TransportSearchAction] [node_1] All shards failed for phase: [query]
[2019-05-03T16:37:00,648][DEBUG][o.e.a.s.TransportSearchAction] [node_1] All shards failed for phase: [query]
[2019-05-03T16:37:01,336][DEBUG][o.e.a.s.TransportSearchAction] [node_1] All shards failed for phase: [query]
[2019-05-03T16:37:01,336][DEBUG][o.e.a.s.TransportSearchAction] [node_1] All shards failed for phase: [query]
[2019-05-03T16:37:01,378][DEBUG][o.e.a.s.TransportSearchAction] [node_1] All shards failed for phase: [query]
[2019-05-03T16:37:01,378][DEBUG][o.e.a.s.TransportSearchAction] [node_1] All shards failed for phase: [query]
[2019-05-03T16:37:01,379][DEBUG][o.e.a.s.TransportSearchAction] [node_1] All shards failed for phase: [query]
[2019-05-03T16:37:01,480][DEBUG][o.e.a.s.TransportSearchAction] [node_1] All shards failed for phase: [query]
[2019-05-03T16:37:01,481][DEBUG][o.e.a.s.TransportSearchAction] [node_1] All shards failed for phase: [query]
[2019-05-03T16:37:01,481][DEBUG][o.e.a.s.TransportSearchAction] [node_1] All shards failed for phase: [query]
[2019-05-03T16:37:01,481][DEBUG][o.e.a.s.TransportSearchAction] [node_1] All shards failed for phase: [query]
[2019-05-03T16:37:01,481][DEBUG][o.e.a.s.TransportSearchAction] [node_1] All shards failed for phase: [query]
[2019-05-03T16:37:01,481][DEBUG][o.e.a.s.TransportSearchAction] [node_1] All shards failed for phase: [query]
[2019-05-03T16:37:01,535][DEBUG][o.e.a.s.TransportSearchAction] [node_1] All shards failed for phase: [query]
[2019-05-03T16:37:01,535][DEBUG][o.e.a.s.TransportSearchAction] [node_1] All shards failed for phase: [query]
[2019-05-03T16:37:01,640][DEBUG][o.e.a.s.TransportSearchAction] [node_1] All shards failed for phase: [query]
[2019-05-03T16:37:01,641][DEBUG][o.e.a.s.TransportSearchAction] [node_1] All shards failed for phase: [query]
[2019-05-03T16:37:01,640][DEBUG][o.e.a.s.TransportSearchAction] [node_1] All shards failed for phase: [query]
[2019-05-03T16:37:08,134][DEBUG][o.e.a.s.TransportSearchAction] [node_1] All shards failed for phase: [query]
[2019-05-03T16:37:08,135][DEBUG][o.e.a.s.TransportSearchAction] [node_1] All shards failed for phase: [query]
[2019-05-03T16:37:08,135][DEBUG][o.e.a.s.TransportSearchAction] [node_1] All shards failed for phase: [query]
[2019-05-03T16:37:08,135][DEBUG][o.e.a.s.TransportSearchAction] [node_1] All shards failed for phase: [query]
[2019-05-03T16:37:08,134][DEBUG][o.e.a.s.TransportSearchAction] [node_1] All shards failed for phase: [query]
[2019-05-03T16:37:08,136][DEBUG][o.e.a.s.TransportSearchAction] [node_1] All shards failed for phase: [query]
[2019-05-03T16:37:08,196][DEBUG][o.e.a.s.TransportSearchAction] [node_1] All shards failed for phase: [query]
[2019-05-03T16:37:08,196][DEBUG][o.e.a.s.TransportSearchAction] [node_1] All shards failed for phase: [query]
[2019-05-03T16:37:08,196][DEBUG][o.e.a.s.TransportSearchAction] [node_1] All shards failed for phase: [query]
[2019-05-03T16:37:08,196][DEBUG][o.e.a.s.TransportSearchAction] [node_1] All shards failed for phase: [query]
[2019-05-03T16:37:08,197][DEBUG][o.e.a.s.TransportSearchAction] [node_1] All shards failed for phase: [query]
[2019-05-03T16:37:08,199][DEBUG][o.e.a.s.TransportSearchAction] [node_1] All shards failed for phase: [query]
[2019-05-03T16:37:08,199][DEBUG][o.e.a.s.TransportSearchAction] [node_1] All shards failed for phase: [query]
[2019-05-03T16:37:08,260][DEBUG][o.e.a.s.TransportSearchAction] [node_1] All shards failed for phase: [query]
[2019-05-03T16:37:08,260][DEBUG][o.e.a.s.TransportSearchAction] [node_1] All shards failed for phase: [query]
[2019-05-03T16:37:08,260][DEBUG][o.e.a.s.TransportSearchAction] [node_1] All shards failed for phase: [query]
[2019-05-03T16:37:33,585][DEBUG][o.e.a.s.TransportSearchAction] [node_1] All shards failed for phase: [query]
[2019-05-03T16:37:33,585][DEBUG][o.e.a.s.TransportSearchAction] [node_1] All shards failed for phase: [query]
[2019-05-03T16:37:33,585][DEBUG][o.e.a.s.TransportSearchAction] [node_1] All shards failed for phase: [query]
[2019-05-03T16:37:33,585][DEBUG][o.e.a.s.TransportSearchAction] [node_1] All shards failed for phase: [query]
[2019-05-03T16:37:33,585][DEBUG][o.e.a.s.TransportSearchAction] [node_1] All shards failed for phase: [query]
[2019-05-03T16:37:33,585][DEBUG][o.e.a.s.TransportSearchAction] [node_1] All shards failed for phase: [query]
[2019-05-03T16:37:33,585][DEBUG][o.e.a.s.TransportSearchAction] [node_1] All shards failed for phase: [query]
[2019-05-03T16:37:33,585][DEBUG][o.e.a.s.TransportSearchAction] [node_1] All shards failed for phase: [query]
[2019-05-03T16:37:33,585][DEBUG][o.e.a.s.TransportSearchAction] [node_1] All shards failed for phase: [query]
[2019-05-03T16:37:33,585][DEBUG][o.e.a.s.TransportSearchAction] [node_1] All shards failed for phase: [query]
[2019-05-03T16:37:33,585][DEBUG][o.e.a.s.TransportSearchAction] [node_1] All shards failed for phase: [query]
[2019-05-03T16:37:33,585][DEBUG][o.e.a.s.TransportSearchAction] [node_1] All shards failed for phase: [query]
[2019-05-03T16:37:33,585][DEBUG][o.e.a.s.TransportSearchAction] [node_1] All shards failed for phase: [query]
[2019-05-03T16:37:33,694][DEBUG][o.e.a.s.TransportSearchAction] [node_1] All shards failed for phase: [query]
[2019-05-03T16:37:33,694][DEBUG][o.e.a.s.TransportSearchAction] [node_1] All shards failed for phase: [query]
[2019-05-03T16:37:33,694][DEBUG][o.e.a.s.TransportSearchAction] [node_1] All shards failed for phase: [query]
[2019-05-03T16:37:34,488][DEBUG][o.e.a.s.TransportSearchAction] [node_1] All shards failed for phase: [query]
[2019-05-03T16:37:34,545][DEBUG][o.e.a.s.TransportSearchAction] [node_1] All shards failed for phase: [query]
[2019-05-03T16:37:34,545][DEBUG][o.e.a.s.TransportSearchAction] [node_1] All shards failed for phase: [query]
[2019-05-03T16:37:34,545][DEBUG][o.e.a.s.TransportSearchAction] [node_1] All shards failed for phase: [query]
[2019-05-03T16:37:34,545][DEBUG][o.e.a.s.TransportSearchAction] [node_1] All shards failed for phase: [query]
[2019-05-03T16:37:34,545][DEBUG][o.e.a.s.TransportSearchAction] [node_1] All shards failed for phase: [query]
[2019-05-03T16:37:34,545][DEBUG][o.e.a.s.TransportSearchAction] [node_1] All shards failed for phase: [query]
[2019-05-03T16:37:34,587][DEBUG][o.e.a.s.TransportSearchAction] [node_1] All shards failed for phase: [query]
[2019-05-03T16:37:34,587][DEBUG][o.e.a.s.TransportSearchAction] [node_1] All shards failed for phase: [query]
[2019-05-03T16:37:34,587][DEBUG][o.e.a.s.TransportSearchAction] [node_1] All shards failed for phase: [query]
[2019-05-03T16:37:34,588][DEBUG][o.e.a.s.TransportSearchAction] [node_1] All shards failed for phase: [query]
[2019-05-03T16:37:34,588][DEBUG][o.e.a.s.TransportSearchAction] [node_1] All shards failed for phase: [query]
[2019-05-03T16:37:34,588][DEBUG][o.e.a.s.TransportSearchAction] [node_1] All shards failed for phase: [query]
[2019-05-03T16:37:34,766][DEBUG][o.e.a.s.TransportSearchAction] [node_1] All shards failed for phase: [query]
[2019-05-03T16:37:34,766][DEBUG][o.e.a.s.TransportSearchAction] [node_1] All shards failed for phase: [query]
[2019-05-03T16:37:34,766][DEBUG][o.e.a.s.TransportSearchAction] [node_1] All shards failed for phase: [query]
[2019-05-03T16:37:50,242][DEBUG][o.e.a.s.TransportSearchAction] [node_1] All shards failed for phase: [query]
[2019-05-03T16:37:50,242][DEBUG][o.e.a.s.TransportSearchAction] [node_1] All shards failed for phase: [query]
[2019-05-03T16:37:50,242][DEBUG][o.e.a.s.TransportSearchAction] [node_1] All shards failed for phase: [query]
[2019-05-03T16:37:50,243][DEBUG][o.e.a.s.TransportSearchAction] [node_1] All shards failed for phase: [query]
[2019-05-03T16:37:50,244][DEBUG][o.e.a.s.TransportSearchAction] [node_1] All shards failed for phase: [query]
[2019-05-03T16:37:50,244][DEBUG][o.e.a.s.TransportSearchAction] [node_1] All shards failed for phase: [query]
[2019-05-03T16:37:50,244][DEBUG][o.e.a.s.TransportSearchAction] [node_1] All shards failed for phase: [query]
[2019-05-03T16:37:50,244][DEBUG][o.e.a.s.TransportSearchAction] [node_1] All shards failed for phase: [query]
[2019-05-03T16:37:50,244][DEBUG][o.e.a.s.TransportSearchAction] [node_1] All shards failed for phase: [query]
[2019-05-03T16:37:50,245][DEBUG][o.e.a.s.TransportSearchAction] [node_1] All shards failed for phase: [query]
[2019-05-03T16:37:50,247][DEBUG][o.e.a.s.TransportSearchAction] [node_1] All shards failed for phase: [query]
[2019-05-03T16:37:50,247][DEBUG][o.e.a.s.TransportSearchAction] [node_1] All shards failed for phase: [query]
[2019-05-03T16:37:50,261][DEBUG][o.e.a.s.TransportSearchAction] [node_1] All shards failed for phase: [query]
[2019-05-03T16:37:50,328][DEBUG][o.e.a.s.TransportSearchAction] [node_1] All shards failed for phase: [query]
[2019-05-03T16:37:50,328][DEBUG][o.e.a.s.TransportSearchAction] [node_1] All shards failed for phase: [query]
[2019-05-03T16:37:50,328][DEBUG][o.e.a.s.TransportSearchAction] [node_1] All shards failed for phase: [query]
[2019-05-03T16:37:50,996][DEBUG][o.e.a.s.TransportSearchAction] [node_1] All shards failed for phase: [query]
[2019-05-03T16:37:50,996][DEBUG][o.e.a.s.TransportSearchAction] [node_1] All shards failed for phase: [query]
[2019-05-03T16:37:50,996][DEBUG][o.e.a.s.TransportSearchAction] [node_1] All shards failed for phase: [query]
[2019-05-03T16:37:50,996][DEBUG][o.e.a.s.TransportSearchAction] [node_1] All shards failed for phase: [query]
[2019-05-03T16:37:50,996][DEBUG][o.e.a.s.TransportSearchAction] [node_1] All shards failed for phase: [query]
[2019-05-03T16:37:50,996][DEBUG][o.e.a.s.TransportSearchAction] [node_1] All shards failed for phase: [query]
[2019-05-03T16:37:51,098][DEBUG][o.e.a.s.TransportSearchAction] [node_1] All shards failed for phase: [query]
[2019-05-03T16:37:51,156][DEBUG][o.e.a.s.TransportSearchAction] [node_1] All shards failed for phase: [query]
[2019-05-03T16:37:51,156][DEBUG][o.e.a.s.TransportSearchAction] [node_1] All shards failed for phase: [query]
[2019-05-03T16:37:51,156][DEBUG][o.e.a.s.TransportSearchAction] [node_1] All shards failed for phase: [query]
[2019-05-03T16:37:51,156][DEBUG][o.e.a.s.TransportSearchAction] [node_1] All shards failed for phase: [query]
[2019-05-03T16:37:51,156][DEBUG][o.e.a.s.TransportSearchAction] [node_1] All shards failed for phase: [query]
[2019-05-03T16:37:51,156][DEBUG][o.e.a.s.TransportSearchAction] [node_1] All shards failed for phase: [query]
[2019-05-03T16:37:51,228][DEBUG][o.e.a.s.TransportSearchAction] [node_1] All shards failed for phase: [query]
[2019-05-03T16:37:51,228][DEBUG][o.e.a.s.TransportSearchAction] [node_1] All shards failed for phase: [query]
[2019-05-03T16:37:51,228][DEBUG][o.e.a.s.TransportSearchAction] [node_1] All shards failed for phase: [query]
[2019-05-03T16:39:25,886][DEBUG][o.e.a.s.TransportSearchAction] [node_1] All shards failed for phase: [query]
[2019-05-03T16:39:25,892][WARN ][r.suppressed             ] [node_1] path: /metricbeat-6.7.1-2019.05.03/doc/_search, params: {pretty=, index=metricbeat-6.7.1-2019.05.03, type=doc}
org.elasticsearch.action.search.SearchPhaseExecutionException: all shards failed
	at org.elasticsearch.action.search.AbstractSearchAsyncAction.onPhaseFailure(AbstractSearchAsyncAction.java:291) ~[elasticsearch-6.7.1.jar:6.7.1]
	at org.elasticsearch.action.search.AbstractSearchAsyncAction.executeNextPhase(AbstractSearchAsyncAction.java:133) ~[elasticsearch-6.7.1.jar:6.7.1]
	at org.elasticsearch.action.search.AbstractSearchAsyncAction.onPhaseDone(AbstractSearchAsyncAction.java:254) ~[elasticsearch-6.7.1.jar:6.7.1]
	at org.elasticsearch.action.search.InitialSearchPhase.onShardFailure(InitialSearchPhase.java:100) ~[elasticsearch-6.7.1.jar:6.7.1]
	at org.elasticsearch.action.search.InitialSearchPhase.lambda$performPhaseOnShard$1(InitialSearchPhase.java:208) ~[elasticsearch-6.7.1.jar:6.7.1]
	at org.elasticsearch.action.search.InitialSearchPhase$1.doRun(InitialSearchPhase.java:187) [elasticsearch-6.7.1.jar:6.7.1]
	at org.elasticsearch.common.util.concurrent.AbstractRunnable.run(AbstractRunnable.java:37) [elasticsearch-6.7.1.jar:6.7.1]
	at org.elasticsearch.common.util.concurrent.TimedRunnable.doRun(TimedRunnable.java:41) [elasticsearch-6.7.1.jar:6.7.1]
	at org.elasticsearch.common.util.concurrent.ThreadContext$ContextPreservingAbstractRunnable.doRun(ThreadContext.java:751) [elasticsearch-6.7.1.jar:6.7.1]
	at org.elasticsearch.common.util.concurrent.AbstractRunnable.run(AbstractRunnable.java:37) [elasticsearch-6.7.1.jar:6.7.1]
	at java.util.concurrent.ThreadPoolExecutor.runWorker(ThreadPoolExecutor.java:1149) [?:1.8.0_181]
	at java.util.concurrent.ThreadPoolExecutor$Worker.run(ThreadPoolExecutor.java:624) [?:1.8.0_181]
	at java.lang.Thread.run(Thread.java:748) [?:1.8.0_181]
[2019-05-03T16:39:50,048][DEBUG][o.e.a.s.TransportSearchAction] [node_1] All shards failed for phase: [query]
[2019-05-03T16:39:50,049][WARN ][r.suppressed             ] [node_1] path: /metricbeat-6.7.1-2019.05.03/doc/_search, params: {pretty=, index=metricbeat-6.7.1-2019.05.03, type=doc}
org.elasticsearch.action.search.SearchPhaseExecutionException: all shards failed
	at org.elasticsearch.action.search.AbstractSearchAsyncAction.onPhaseFailure(AbstractSearchAsyncAction.java:291) ~[elasticsearch-6.7.1.jar:6.7.1]
	at org.elasticsearch.action.search.AbstractSearchAsyncAction.executeNextPhase(AbstractSearchAsyncAction.java:133) ~[elasticsearch-6.7.1.jar:6.7.1]
	at org.elasticsearch.action.search.AbstractSearchAsyncAction.onPhaseDone(AbstractSearchAsyncAction.java:254) ~[elasticsearch-6.7.1.jar:6.7.1]
	at org.elasticsearch.action.search.InitialSearchPhase.onShardFailure(InitialSearchPhase.java:100) ~[elasticsearch-6.7.1.jar:6.7.1]
	at org.elasticsearch.action.search.InitialSearchPhase.lambda$performPhaseOnShard$1(InitialSearchPhase.java:208) ~[elasticsearch-6.7.1.jar:6.7.1]
	at org.elasticsearch.action.search.InitialSearchPhase$1.doRun(InitialSearchPhase.java:187) [elasticsearch-6.7.1.jar:6.7.1]
	at org.elasticsearch.common.util.concurrent.AbstractRunnable.run(AbstractRunnable.java:37) [elasticsearch-6.7.1.jar:6.7.1]
	at org.elasticsearch.common.util.concurrent.TimedRunnable.doRun(TimedRunnable.java:41) [elasticsearch-6.7.1.jar:6.7.1]
	at org.elasticsearch.common.util.concurrent.ThreadContext$ContextPreservingAbstractRunnable.doRun(ThreadContext.java:751) [elasticsearch-6.7.1.jar:6.7.1]
	at org.elasticsearch.common.util.concurrent.AbstractRunnable.run(AbstractRunnable.java:37) [elasticsearch-6.7.1.jar:6.7.1]
	at java.util.concurrent.ThreadPoolExecutor.runWorker(ThreadPoolExecutor.java:1149) [?:1.8.0_181]
	at java.util.concurrent.ThreadPoolExecutor$Worker.run(ThreadPoolExecutor.java:624) [?:1.8.0_181]
	at java.lang.Thread.run(Thread.java:748) [?:1.8.0_181]
[2019-05-03T16:40:16,046][DEBUG][o.e.a.s.TransportSearchAction] [node_1] All shards failed for phase: [query]
[2019-05-03T16:40:16,046][DEBUG][o.e.a.s.TransportSearchAction] [node_1] All shards failed for phase: [query]
[2019-05-03T16:40:16,046][DEBUG][o.e.a.s.TransportSearchAction] [node_1] All shards failed for phase: [query]
[2019-05-03T16:40:16,046][DEBUG][o.e.a.s.TransportSearchAction] [node_1] All shards failed for phase: [query]
[2019-05-03T16:40:16,046][DEBUG][o.e.a.s.TransportSearchAction] [node_1] All shards failed for phase: [query]
[2019-05-03T16:40:16,046][DEBUG][o.e.a.s.TransportSearchAction] [node_1] All shards failed for phase: [query]
[2019-05-03T16:40:16,130][DEBUG][o.e.a.s.TransportSearchAction] [node_1] All shards failed for phase: [query]
[2019-05-03T16:40:16,130][DEBUG][o.e.a.s.TransportSearchAction] [node_1] All shards failed for phase: [query]
[2019-05-03T16:40:16,130][DEBUG][o.e.a.s.TransportSearchAction] [node_1] All shards failed for phase: [query]
[2019-05-03T16:40:16,145][DEBUG][o.e.a.s.TransportSearchAction] [node_1] All shards failed for phase: [query]
[2019-05-03T16:40:16,145][DEBUG][o.e.a.s.TransportSearchAction] [node_1] All shards failed for phase: [query]
[2019-05-03T16:40:16,146][DEBUG][o.e.a.s.TransportSearchAction] [node_1] All shards failed for phase: [query]
[2019-05-03T16:40:16,146][DEBUG][o.e.a.s.TransportSearchAction] [node_1] All shards failed for phase: [query]
[2019-05-03T16:40:16,216][DEBUG][o.e.a.s.TransportSearchAction] [node_1] All shards failed for phase: [query]
[2019-05-03T16:40:16,216][DEBUG][o.e.a.s.TransportSearchAction] [node_1] All shards failed for phase: [query]
[2019-05-03T16:40:16,216][DEBUG][o.e.a.s.TransportSearchAction] [node_1] All shards failed for phase: [query]
[2019-05-03T16:40:16,951][DEBUG][o.e.a.s.TransportSearchAction] [node_1] All shards failed for phase: [query]
[2019-05-03T16:40:16,951][DEBUG][o.e.a.s.TransportSearchAction] [node_1] All shards failed for phase: [query]
[2019-05-03T16:40:16,952][DEBUG][o.e.a.s.TransportSearchAction] [node_1] All shards failed for phase: [query]
[2019-05-03T16:40:16,952][DEBUG][o.e.a.s.TransportSearchAction] [node_1] All shards failed for phase: [query]
[2019-05-03T16:40:16,952][DEBUG][o.e.a.s.TransportSearchAction] [node_1] All shards failed for phase: [query]
[2019-05-03T16:40:16,952][DEBUG][o.e.a.s.TransportSearchAction] [node_1] All shards failed for phase: [query]
[2019-05-03T16:40:17,025][DEBUG][o.e.a.s.TransportSearchAction] [node_1] All shards failed for phase: [query]
[2019-05-03T16:40:17,032][DEBUG][o.e.a.s.TransportSearchAction] [node_1] All shards failed for phase: [query]
[2019-05-03T16:40:17,032][DEBUG][o.e.a.s.TransportSearchAction] [node_1] All shards failed for phase: [query]
[2019-05-03T16:40:17,032][DEBUG][o.e.a.s.TransportSearchAction] [node_1] All shards failed for phase: [query]
[2019-05-03T16:40:17,099][DEBUG][o.e.a.s.TransportSearchAction] [node_1] All shards failed for phase: [query]
[2019-05-03T16:40:17,099][DEBUG][o.e.a.s.TransportSearchAction] [node_1] All shards failed for phase: [query]
[2019-05-03T16:40:17,118][DEBUG][o.e.a.s.TransportSearchAction] [node_1] All shards failed for phase: [query]
[2019-05-03T16:40:17,192][DEBUG][o.e.a.s.TransportSearchAction] [node_1] All shards failed for phase: [query]
[2019-05-03T16:40:17,192][DEBUG][o.e.a.s.TransportSearchAction] [node_1] All shards failed for phase: [query]
[2019-05-03T16:40:17,192][DEBUG][o.e.a.s.TransportSearchAction] [node_1] All shards failed for phase: [query]
[2019-05-03T16:40:44,458][DEBUG][o.e.a.s.TransportSearchAction] [node_1] All shards failed for phase: [query]
[2019-05-03T16:40:44,458][WARN ][r.suppressed             ] [node_1] path: /metricbeat-6.7.1-2019.05.03/doc/_search, params: {pretty=, index=metricbeat-6.7.1-2019.05.03, type=doc}
org.elasticsearch.action.search.SearchPhaseExecutionException: all shards failed
	at org.elasticsearch.action.search.AbstractSearchAsyncAction.onPhaseFailure(AbstractSearchAsyncAction.java:291) ~[elasticsearch-6.7.1.jar:6.7.1]
	at org.elasticsearch.action.search.AbstractSearchAsyncAction.executeNextPhase(AbstractSearchAsyncAction.java:133) ~[elasticsearch-6.7.1.jar:6.7.1]
	at org.elasticsearch.action.search.AbstractSearchAsyncAction.onPhaseDone(AbstractSearchAsyncAction.java:254) ~[elasticsearch-6.7.1.jar:6.7.1]
	at org.elasticsearch.action.search.InitialSearchPhase.onShardFailure(InitialSearchPhase.java:100) ~[elasticsearch-6.7.1.jar:6.7.1]
	at org.elasticsearch.action.search.InitialSearchPhase.lambda$performPhaseOnShard$1(InitialSearchPhase.java:208) ~[elasticsearch-6.7.1.jar:6.7.1]
	at org.elasticsearch.action.search.InitialSearchPhase$1.doRun(InitialSearchPhase.java:187) [elasticsearch-6.7.1.jar:6.7.1]
	at org.elasticsearch.common.util.concurrent.AbstractRunnable.run(AbstractRunnable.java:37) [elasticsearch-6.7.1.jar:6.7.1]
	at org.elasticsearch.common.util.concurrent.TimedRunnable.doRun(TimedRunnable.java:41) [elasticsearch-6.7.1.jar:6.7.1]
	at org.elasticsearch.common.util.concurrent.ThreadContext$ContextPreservingAbstractRunnable.doRun(ThreadContext.java:751) [elasticsearch-6.7.1.jar:6.7.1]
	at org.elasticsearch.common.util.concurrent.AbstractRunnable.run(AbstractRunnable.java:37) [elasticsearch-6.7.1.jar:6.7.1]
	at java.util.concurrent.ThreadPoolExecutor.runWorker(ThreadPoolExecutor.java:1149) [?:1.8.0_181]
	at java.util.concurrent.ThreadPoolExecutor$Worker.run(ThreadPoolExecutor.java:624) [?:1.8.0_181]
	at java.lang.Thread.run(Thread.java:748) [?:1.8.0_181]
[2019-05-03T16:43:17,576][INFO ][o.e.c.m.MetaDataDeleteIndexService] [node_1] [metricbeat-6.7.1-2019.05.03/HJcxMyhmQk2vuxTpsE4-tQ] deleting index
[2019-05-03T16:43:17,610][WARN ][o.e.g.DanglingIndicesState] [node_1] [[metricbeat-6.7.1-2019.05.03/tf4zoxAwRgmFd804EJVqVA]] can not be imported as a dangling index, as an index with the same name and UUID exist in the index tombstones.  This situation is likely caused by copying over the data directory for an index that was previously deleted.
[2019-05-03T16:43:35,665][INFO ][o.e.c.m.MetaDataCreateIndexService] [node_1] [metricbeat-6.7.1-2019.05.03] creating index, cause [auto(bulk api)], templates [metricbeat-6.7.1], shards [1]/[1], mappings [doc]
[2019-05-03T16:43:35,704][WARN ][o.e.g.DanglingIndicesState] [node_1] [[metricbeat-6.7.1-2019.05.03/tf4zoxAwRgmFd804EJVqVA]] can not be imported as a dangling index, as index with same name already exists in cluster metadata
[2019-05-03T16:43:35,705][WARN ][o.e.a.b.TransportShardBulkAction] [node_1] unexpected error during the primary phase for action [indices:data/write/bulk[s]], request [BulkShardRequest [[metricbeat-6.7.1-2019.05.03][0]] containing [7] requests]
org.elasticsearch.index.IndexNotFoundException: no such index
	at org.elasticsearch.cluster.routing.RoutingTable.shardRoutingTable(RoutingTable.java:137) ~[elasticsearch-6.7.1.jar:6.7.1]
	at org.elasticsearch.action.support.replication.TransportReplicationAction$ReroutePhase.primary(TransportReplicationAction.java:866) ~[elasticsearch-6.7.1.jar:6.7.1]
	at org.elasticsearch.action.support.replication.TransportReplicationAction$ReroutePhase.doRun(TransportReplicationAction.java:804) ~[elasticsearch-6.7.1.jar:6.7.1]
	at org.elasticsearch.common.util.concurrent.AbstractRunnable.run(AbstractRunnable.java:37) ~[elasticsearch-6.7.1.jar:6.7.1]
	at org.elasticsearch.action.support.replication.TransportReplicationAction$ReroutePhase$2.onNewClusterState(TransportReplicationAction.java:925) ~[elasticsearch-6.7.1.jar:6.7.1]
	at org.elasticsearch.cluster.ClusterStateObserver$ContextPreservingListener.onNewClusterState(ClusterStateObserver.java:308) ~[elasticsearch-6.7.1.jar:6.7.1]
	at org.elasticsearch.cluster.ClusterStateObserver$ObserverClusterStateListener.clusterChanged(ClusterStateObserver.java:193) ~[elasticsearch-6.7.1.jar:6.7.1]
	at org.elasticsearch.cluster.service.ClusterApplierService.lambda$callClusterStateListeners$7(ClusterApplierService.java:495) ~[elasticsearch-6.7.1.jar:6.7.1]
	at java.util.concurrent.ConcurrentHashMap$KeySpliterator.forEachRemaining(ConcurrentHashMap.java:3527) [?:1.8.0_181]
	at java.util.stream.Streams$ConcatSpliterator.forEachRemaining(Streams.java:743) [?:1.8.0_181]
	at java.util.stream.ReferencePipeline$Head.forEach(ReferencePipeline.java:580) [?:1.8.0_181]
	at org.elasticsearch.cluster.service.ClusterApplierService.callClusterStateListeners(ClusterApplierService.java:492) [elasticsearch-6.7.1.jar:6.7.1]
	at org.elasticsearch.cluster.service.ClusterApplierService.applyChanges(ClusterApplierService.java:475) [elasticsearch-6.7.1.jar:6.7.1]
	at org.elasticsearch.cluster.service.ClusterApplierService.runTask(ClusterApplierService.java:419) [elasticsearch-6.7.1.jar:6.7.1]
	at org.elasticsearch.cluster.service.ClusterApplierService$UpdateTask.run(ClusterApplierService.java:163) [elasticsearch-6.7.1.jar:6.7.1]
	at org.elasticsearch.common.util.concurrent.ThreadContext$ContextPreservingRunnable.run(ThreadContext.java:681) [elasticsearch-6.7.1.jar:6.7.1]
	at org.elasticsearch.common.util.concurrent.PrioritizedEsThreadPoolExecutor$TieBreakingPrioritizedRunnable.runAndClean(PrioritizedEsThreadPoolExecutor.java:252) [elasticsearch-6.7.1.jar:6.7.1]
	at org.elasticsearch.common.util.concurrent.PrioritizedEsThreadPoolExecutor$TieBreakingPrioritizedRunnable.run(PrioritizedEsThreadPoolExecutor.java:215) [elasticsearch-6.7.1.jar:6.7.1]
	at java.util.concurrent.ThreadPoolExecutor.runWorker(ThreadPoolExecutor.java:1149) [?:1.8.0_181]
	at java.util.concurrent.ThreadPoolExecutor$Worker.run(ThreadPoolExecutor.java:624) [?:1.8.0_181]
	at java.lang.Thread.run(Thread.java:748) [?:1.8.0_181]
[2019-05-03T16:43:35,738][WARN ][o.e.g.DanglingIndicesState] [node_1] [[metricbeat-6.7.1-2019.05.03/tf4zoxAwRgmFd804EJVqVA]] can not be imported as a dangling index, as index with same name already exists in cluster metadata
[2019-05-03T17:46:12,009][INFO ][o.e.n.Node               ] [node_1] stopping ...
[2019-05-03T17:46:12,025][INFO ][o.e.x.w.WatcherService   ] [node_1] stopping watch service, reason [shutdown initiated]
[2019-05-03T17:46:12,098][INFO ][o.e.x.m.p.l.CppLogMessageHandler] [node_1] [controller/7358] [Main.cc@148] Ml controller exiting
[2019-05-03T17:46:12,102][INFO ][o.e.x.m.p.NativeController] [node_1] Native controller process has stopped - no new native processes can be started
[2019-05-03T17:46:12,143][INFO ][o.e.n.Node               ] [node_1] stopped
[2019-05-03T17:46:12,143][INFO ][o.e.n.Node               ] [node_1] closing ...
[2019-05-03T17:46:12,159][INFO ][o.e.n.Node               ] [node_1] closed
